app/build/intermediates/manifest_merge_blame_file/debug/manifest-merger-blame-debug-report.txt
1<?xml version="1.0" encoding="utf-8"?>
2<manifest xmlns:android="http://schemas.android.com/apk/res/android"
3    package="com.ddev.prohealth"
4    android:versionCode="1"
5    android:versionName="1.0" >
6
7    <uses-sdk
8        android:minSdkVersion="23"
8-->src\main\AndroidManifest.xml
9        android:targetSdkVersion="33" />
9-->src\main\AndroidManifest.xml
10
11    <uses-feature
11-->src\main\AndroidManifest.xml:5:2-7:30
12        android:name="android.hardware.camera"
12-->src\main\AndroidManifest.xml:6:3-41
13        android:required="false" />
13-->src\main\AndroidManifest.xml:7:3-27
14
15    <uses-permission android:name="android.permission.INTERNET" />
15-->src\main\AndroidManifest.xml:9:2-64
15-->src\main\AndroidManifest.xml:9:19-61
16    <uses-permission android:name="android.permission.ACCESS_NETWORK_STATE" />
16-->src\main\AndroidManifest.xml:10:2-76
16-->src\main\AndroidManifest.xml:10:19-73
17    <uses-permission android:name="android.permission.CAMERA" />
17-->src\main\AndroidManifest.xml:11:2-62
17-->src\main\AndroidManifest.xml:11:19-59
18
19    <uses-feature android:name="android.hardware.camera.autofocus" />
19-->src\main\AndroidManifest.xml:12:2-67
19-->src\main\AndroidManifest.xml:12:16-64
20
21    <uses-permission android:name="android.permission.READ_EXTERNAL_STORAGE" />
21-->src\main\AndroidManifest.xml:13:2-77
21-->src\main\AndroidManifest.xml:13:19-74
22    <uses-permission android:name="android.permission.WRITE_EXTERNAL_STORAGE" />
22-->src\main\AndroidManifest.xml:14:2-78
22-->src\main\AndroidManifest.xml:14:19-75
23    <uses-permission android:name="android.permission.WRITE_EXTERNAL_STORAGE" />
23-->src\main\AndroidManifest.xml:14:2-78
23-->src\main\AndroidManifest.xml:14:19-75
24    <uses-permission android:name="android.permission.MANAGE_EXTERNAL_STORAGE" />
24-->src\main\AndroidManifest.xml:16:2-79
24-->src\main\AndroidManifest.xml:16:19-76
25    <uses-permission android:name="android.permission.READ_EXTERNAL_STORAGE" />
25-->src\main\AndroidManifest.xml:13:2-77
25-->src\main\AndroidManifest.xml:13:19-74
26
27    <permission
27-->[androidx.core:core:1.9.0] AndroidManifest.xml:22:5-24:47
28        android:name="com.ddev.prohealth.DYNAMIC_RECEIVER_NOT_EXPORTED_PERMISSION"
28-->[androidx.core:core:1.9.0] AndroidManifest.xml:23:9-81
29        android:protectionLevel="signature" />
29-->[androidx.core:core:1.9.0] AndroidManifest.xml:24:9-44
30
31    <uses-permission android:name="com.ddev.prohealth.DYNAMIC_RECEIVER_NOT_EXPORTED_PERMISSION" />
31-->[androidx.core:core:1.9.0] AndroidManifest.xml:26:5-97
31-->[androidx.core:core:1.9.0] AndroidManifest.xml:26:22-94
32
33    <application
33-->src\main\AndroidManifest.xml:18:2-91:16
34        android:allowBackup="true"
34-->src\main\AndroidManifest.xml:19:3-29
35        android:appComponentFactory="androidx.core.app.CoreComponentFactory"
35-->[androidx.core:core:1.9.0] AndroidManifest.xml:28:18-86
36        android:debuggable="true"
37        android:extractNativeLibs="false"
38        android:icon="@drawable/app_icon"
38-->src\main\AndroidManifest.xml:20:3-36
39        android:label="@string/app_name"
39-->src\main\AndroidManifest.xml:21:3-35
40        android:requestLegacyExternalStorage="true"
40-->src\main\AndroidManifest.xml:22:3-46
41        android:testOnly="true"
42        android:theme="@style/AppTheme"
42-->src\main\AndroidManifest.xml:24:3-34
43        android:usesCleartextTraffic="true" >
43-->src\main\AndroidManifest.xml:23:3-38
44        <activity
44-->src\main\AndroidManifest.xml:25:3-36:14
45            android:name="com.ddev.prohealth.MainActivity"
45-->src\main\AndroidManifest.xml:26:4-32
46            android:configChanges="orientation|screenSize|keyboardHidden|smallestScreenSize|screenLayout"
46-->src\main\AndroidManifest.xml:27:4-97
47            android:exported="true"
47-->src\main\AndroidManifest.xml:31:4-27
48            android:hardwareAccelerated="true"
48-->src\main\AndroidManifest.xml:28:4-38
49            android:screenOrientation="portrait"
49-->src\main\AndroidManifest.xml:30:4-40
50            android:supportsPictureInPicture="true" >
50-->src\main\AndroidManifest.xml:29:4-43
51            <intent-filter>
51-->src\main\AndroidManifest.xml:32:4-35:20
52                <action android:name="android.intent.action.MAIN" />
52-->src\main\AndroidManifest.xml:33:5-57
52-->src\main\AndroidManifest.xml:33:13-54
53
54                <category android:name="android.intent.category.LAUNCHER" />
54-->src\main\AndroidManifest.xml:34:5-65
54-->src\main\AndroidManifest.xml:34:15-62
55            </intent-filter>
56        </activity>
57        <activity
57-->src\main\AndroidManifest.xml:37:3-42:43
58            android:name="com.ddev.prohealth.HomeActivity"
58-->src\main\AndroidManifest.xml:38:4-32
59            android:configChanges="orientation|screenSize|keyboardHidden|smallestScreenSize|screenLayout"
59-->src\main\AndroidManifest.xml:39:4-97
60            android:hardwareAccelerated="true"
60-->src\main\AndroidManifest.xml:40:4-38
61            android:screenOrientation="portrait"
61-->src\main\AndroidManifest.xml:42:4-40
62            android:supportsPictureInPicture="true" />
62-->src\main\AndroidManifest.xml:41:4-43
63        <activity
63-->src\main\AndroidManifest.xml:43:3-48:43
64            android:name="com.ddev.prohealth.ViewActivity"
64-->src\main\AndroidManifest.xml:44:4-32
65            android:configChanges="orientation|screenSize|keyboardHidden|smallestScreenSize|screenLayout"
65-->src\main\AndroidManifest.xml:45:4-97
66            android:hardwareAccelerated="true"
66-->src\main\AndroidManifest.xml:46:4-38
67            android:screenOrientation="portrait"
67-->src\main\AndroidManifest.xml:48:4-40
68            android:supportsPictureInPicture="true" />
68-->src\main\AndroidManifest.xml:47:4-43
69        <activity
69-->src\main\AndroidManifest.xml:49:3-54:43
70            android:name="com.ddev.prohealth.CameraActivity"
70-->src\main\AndroidManifest.xml:50:4-34
71            android:configChanges="orientation|screenSize|keyboardHidden|smallestScreenSize|screenLayout"
71-->src\main\AndroidManifest.xml:51:4-97
72            android:hardwareAccelerated="true"
72-->src\main\AndroidManifest.xml:52:4-38
73            android:screenOrientation="portrait"
73-->src\main\AndroidManifest.xml:54:4-40
74            android:supportsPictureInPicture="true" />
74-->src\main\AndroidManifest.xml:53:4-43
75        <activity
75-->src\main\AndroidManifest.xml:55:3-60:43
76            android:name="com.ddev.prohealth.DetailActivity"
76-->src\main\AndroidManifest.xml:56:4-34
77            android:configChanges="orientation|screenSize|keyboardHidden|smallestScreenSize|screenLayout"
77-->src\main\AndroidManifest.xml:57:4-97
78            android:hardwareAccelerated="true"
78-->src\main\AndroidManifest.xml:58:4-38
79            android:screenOrientation="portrait"
79-->src\main\AndroidManifest.xml:60:4-40
80            android:supportsPictureInPicture="true" />
80-->src\main\AndroidManifest.xml:59:4-43
81        <activity
81-->src\main\AndroidManifest.xml:61:3-63:43
82            android:name="com.ddev.prohealth.DebugActivity"
82-->src\main\AndroidManifest.xml:62:4-33
83            android:screenOrientation="portrait" />
83-->src\main\AndroidManifest.xml:63:4-40
84
85        <meta-data
85-->src\main\AndroidManifest.xml:64:3-66:60
86            android:name="com.google.android.gms.version"
86-->src\main\AndroidManifest.xml:65:4-49
87            android:value="@integer/google_play_services_version" />
87-->src\main\AndroidManifest.xml:66:4-57
88
89        <provider
89-->src\main\AndroidManifest.xml:67:3-71:30
90            android:name="com.google.firebase.provider.FirebaseInitProvider"
90-->src\main\AndroidManifest.xml:68:4-68
91            android:authorities="com.ddev.prohealth.firebaseinitprovider"
91-->src\main\AndroidManifest.xml:69:4-65
92            android:directBootAware="true"
92-->[com.google.firebase:firebase-common:20.4.2] AndroidManifest.xml:26:13-43
93            android:exported="false"
93-->src\main\AndroidManifest.xml:70:4-28
94            android:initOrder="100" />
94-->src\main\AndroidManifest.xml:71:4-27
95
96        <service
96-->src\main\AndroidManifest.xml:72:3-78:13
97            android:name="com.google.firebase.components.ComponentDiscoveryService"
97-->src\main\AndroidManifest.xml:73:4-75
98            android:directBootAware="true"
98-->[com.google.firebase:firebase-common:20.4.2] AndroidManifest.xml:32:13-43
99            android:exported="false" >
99-->src\main\AndroidManifest.xml:74:4-28
100            <meta-data
100-->src\main\AndroidManifest.xml:75:4-77:73
101                android:name="com.google.firebase.components:com.google.firebase.storage.StorageRegistrar"
101-->src\main\AndroidManifest.xml:76:5-95
102                android:value="com.google.firebase.components.ComponentRegistrar" />
102-->src\main\AndroidManifest.xml:77:5-70
103            <meta-data
103-->[com.google.firebase:firebase-storage:20.3.0] AndroidManifest.xml:30:13-32:85
104                android:name="com.google.firebase.components:com.google.firebase.storage.FirebaseStorageKtxRegistrar"
104-->[com.google.firebase:firebase-storage:20.3.0] AndroidManifest.xml:31:17-118
105                android:value="com.google.firebase.components.ComponentRegistrar" />
105-->[com.google.firebase:firebase-storage:20.3.0] AndroidManifest.xml:32:17-82
106            <meta-data
106-->[com.google.firebase:firebase-appcheck:17.1.0] AndroidManifest.xml:25:13-27:85
107                android:name="com.google.firebase.components:com.google.firebase.appcheck.FirebaseAppCheckKtxRegistrar"
107-->[com.google.firebase:firebase-appcheck:17.1.0] AndroidManifest.xml:26:17-120
108                android:value="com.google.firebase.components.ComponentRegistrar" />
108-->[com.google.firebase:firebase-appcheck:17.1.0] AndroidManifest.xml:27:17-82
109            <meta-data
109-->[com.google.firebase:firebase-appcheck:17.1.0] AndroidManifest.xml:28:13-30:85
110                android:name="com.google.firebase.components:com.google.firebase.appcheck.FirebaseAppCheckRegistrar"
110-->[com.google.firebase:firebase-appcheck:17.1.0] AndroidManifest.xml:29:17-117
111                android:value="com.google.firebase.components.ComponentRegistrar" />
111-->[com.google.firebase:firebase-appcheck:17.1.0] AndroidManifest.xml:30:17-82
112            <meta-data
112-->[com.google.firebase:firebase-common-ktx:20.4.2] AndroidManifest.xml:12:13-14:85
113                android:name="com.google.firebase.components:com.google.firebase.ktx.FirebaseCommonLegacyRegistrar"
113-->[com.google.firebase:firebase-common-ktx:20.4.2] AndroidManifest.xml:13:17-116
114                android:value="com.google.firebase.components.ComponentRegistrar" />
114-->[com.google.firebase:firebase-common-ktx:20.4.2] AndroidManifest.xml:14:17-82
115            <meta-data
115-->[com.google.firebase:firebase-common:20.4.2] AndroidManifest.xml:35:13-37:85
116                android:name="com.google.firebase.components:com.google.firebase.FirebaseCommonKtxRegistrar"
116-->[com.google.firebase:firebase-common:20.4.2] AndroidManifest.xml:36:17-109
117                android:value="com.google.firebase.components.ComponentRegistrar" />
117-->[com.google.firebase:firebase-common:20.4.2] AndroidManifest.xml:37:17-82
118        </service>
119
120        <provider
120-->src\main\AndroidManifest.xml:79:3-87:14
121            android:name="androidx.core.content.FileProvider"
121-->src\main\AndroidManifest.xml:81:4-53
122            android:authorities="com.ddev.prohealth.provider"
122-->src\main\AndroidManifest.xml:80:4-53
123            android:exported="false"
123-->src\main\AndroidManifest.xml:82:4-28
124            android:grantUriPermissions="true" >
124-->src\main\AndroidManifest.xml:83:4-38
125            <meta-data
125-->src\main\AndroidManifest.xml:84:4-86:46
126                android:name="android.support.FILE_PROVIDER_PATHS"
126-->src\main\AndroidManifest.xml:85:5-55
127                android:resource="@xml/provider_paths" />
127-->src\main\AndroidManifest.xml:86:5-43
128        </provider>
129
130        <uses-library
130-->src\main\AndroidManifest.xml:88:3-90:31
131            android:name="org.apache.http.legacy"
131-->src\main\AndroidManifest.xml:89:4-41
132            android:required="false" />
132-->src\main\AndroidManifest.xml:90:4-28
133
134        <activity
134-->[com.google.android.gms:play-services-base:18.0.1] AndroidManifest.xml:20:9-22:45
135            android:name="com.google.android.gms.common.api.GoogleApiActivity"
135-->[com.google.android.gms:play-services-base:18.0.1] AndroidManifest.xml:20:19-85
136            android:exported="false"
136-->[com.google.android.gms:play-services-base:18.0.1] AndroidManifest.xml:22:19-43
137            android:theme="@android:style/Theme.Translucent.NoTitleBar" />
137-->[com.google.android.gms:play-services-base:18.0.1] AndroidManifest.xml:21:19-78
138
139        <provider
139-->[androidx.emoji2:emoji2:1.2.0] AndroidManifest.xml:24:9-32:20
140            android:name="androidx.startup.InitializationProvider"
140-->[androidx.emoji2:emoji2:1.2.0] AndroidManifest.xml:25:13-67
141            android:authorities="com.ddev.prohealth.androidx-startup"
141-->[androidx.emoji2:emoji2:1.2.0] AndroidManifest.xml:26:13-68
142            android:exported="false" >
142-->[androidx.emoji2:emoji2:1.2.0] AndroidManifest.xml:27:13-37
143            <meta-data
143-->[androidx.emoji2:emoji2:1.2.0] AndroidManifest.xml:29:13-31:52
144                android:name="androidx.emoji2.text.EmojiCompatInitializer"
144-->[androidx.emoji2:emoji2:1.2.0] AndroidManifest.xml:30:17-75
145                android:value="androidx.startup" />
145-->[androidx.emoji2:emoji2:1.2.0] AndroidManifest.xml:31:17-49
146            <meta-data
146-->[androidx.lifecycle:lifecycle-process:2.4.1] AndroidManifest.xml:31:13-33:52
147                android:name="androidx.lifecycle.ProcessLifecycleInitializer"
147-->[androidx.lifecycle:lifecycle-process:2.4.1] AndroidManifest.xml:32:17-78
148                android:value="androidx.startup" />
148-->[androidx.lifecycle:lifecycle-process:2.4.1] AndroidManifest.xml:33:17-49
149        </provider>
150    </application>
151
152</manifest>